2024-12-05 18:17:24,773 - Training model with Andong
2024-12-05 18:17:24,774 - Config: {'learning_rate': 0.0001, 'epochs': 500, 'batch_size': 32, 'num_layers': 2, 'hidden_size': 128, 'window_size': 24, 'output_size': 1, 'dropout': 0.2, 'patience': 10}
2024-12-05 18:17:24,774 - Model: FinedustLSTM(
  (lstm): LSTMEmbedding(
    (lstm): LSTM(8, 128, num_layers=2, batch_first=True, dropout=0.2)
    (fc1): Linear(in_features=128, out_features=384, bias=True)
    (fc2): Linear(in_features=384, out_features=128, bias=True)
    (act): GELU(approximate='none')
    (dropout): Dropout(p=0.2, inplace=False)
  )
  (fc1): Linear(in_features=128, out_features=128, bias=True)
  (fc2): Linear(in_features=128, out_features=1, bias=True)
  (act): GELU(approximate='none')
  (dropout): Dropout(p=0.2, inplace=False)
)

2024-12-05 18:17:24,774 - Train dataset: 32103
2024-12-05 18:17:24,774 - Valid dataset: 8026

2024-12-05 18:17:27,535 - Epoch 1/500, Train Loss: 22.2224, Val Loss: 22.4068
2024-12-05 18:17:27,538 - Model saved with loss: 22.4068
2024-12-05 18:17:29,509 - Epoch 2/500, Train Loss: 20.2971, Val Loss: 20.4735
2024-12-05 18:17:29,511 - Model saved with loss: 20.4735
2024-12-05 18:17:31,484 - Epoch 3/500, Train Loss: 19.1043, Val Loss: 20.7050
2024-12-05 18:17:33,495 - Epoch 4/500, Train Loss: 18.3409, Val Loss: 19.2332
2024-12-05 18:17:33,497 - Model saved with loss: 19.2332
2024-12-05 18:17:35,539 - Epoch 5/500, Train Loss: 18.0686, Val Loss: 18.9919
2024-12-05 18:17:35,542 - Model saved with loss: 18.9919
2024-12-05 18:17:37,563 - Epoch 6/500, Train Loss: 17.9273, Val Loss: 18.4407
2024-12-05 18:17:37,566 - Model saved with loss: 18.4407
2024-12-05 18:17:39,587 - Epoch 7/500, Train Loss: 17.7033, Val Loss: 18.7363
2024-12-05 18:17:41,607 - Epoch 8/500, Train Loss: 17.5234, Val Loss: 18.1584
2024-12-05 18:17:41,610 - Model saved with loss: 18.1584
2024-12-05 18:17:43,639 - Epoch 9/500, Train Loss: 17.3827, Val Loss: 18.0865
2024-12-05 18:17:43,642 - Model saved with loss: 18.0865
2024-12-05 18:17:45,671 - Epoch 10/500, Train Loss: 17.2536, Val Loss: 17.7951
2024-12-05 18:17:45,674 - Model saved with loss: 17.7951
2024-12-05 18:17:47,707 - Epoch 11/500, Train Loss: 17.0515, Val Loss: 17.3303
2024-12-05 18:17:47,710 - Model saved with loss: 17.3303
2024-12-05 18:17:49,739 - Epoch 12/500, Train Loss: 16.9778, Val Loss: 17.2196
2024-12-05 18:17:49,742 - Model saved with loss: 17.2196
2024-12-05 18:17:51,774 - Epoch 13/500, Train Loss: 17.1004, Val Loss: 17.1400
2024-12-05 18:17:51,776 - Model saved with loss: 17.1400
2024-12-05 18:17:53,796 - Epoch 14/500, Train Loss: 17.0008, Val Loss: 17.5198
2024-12-05 18:17:55,811 - Epoch 15/500, Train Loss: 16.8190, Val Loss: 17.0785
2024-12-05 18:17:55,814 - Model saved with loss: 17.0785
2024-12-05 18:17:57,829 - Epoch 16/500, Train Loss: 16.6833, Val Loss: 16.9883
2024-12-05 18:17:57,832 - Model saved with loss: 16.9883
2024-12-05 18:17:59,801 - Epoch 17/500, Train Loss: 16.7164, Val Loss: 16.9615
2024-12-05 18:17:59,804 - Model saved with loss: 16.9615
2024-12-05 18:18:01,763 - Epoch 18/500, Train Loss: 16.5716, Val Loss: 16.3159
2024-12-05 18:18:01,766 - Model saved with loss: 16.3159
2024-12-05 18:18:03,722 - Epoch 19/500, Train Loss: 16.6803, Val Loss: 17.1090
2024-12-05 18:18:05,687 - Epoch 20/500, Train Loss: 16.3886, Val Loss: 16.1099
2024-12-05 18:18:05,689 - Model saved with loss: 16.1099
2024-12-05 18:18:07,647 - Epoch 21/500, Train Loss: 16.0925, Val Loss: 16.2334
2024-12-05 18:18:09,603 - Epoch 22/500, Train Loss: 16.2314, Val Loss: 17.1059
2024-12-05 18:18:11,559 - Epoch 23/500, Train Loss: 15.9860, Val Loss: 15.9610
2024-12-05 18:18:11,561 - Model saved with loss: 15.9610
2024-12-05 18:18:13,509 - Epoch 24/500, Train Loss: 15.6057, Val Loss: 16.3529
2024-12-05 18:18:15,484 - Epoch 25/500, Train Loss: 15.7923, Val Loss: 17.6861
2024-12-05 18:18:17,485 - Epoch 26/500, Train Loss: 15.8794, Val Loss: 15.6360
2024-12-05 18:18:17,488 - Model saved with loss: 15.6360
2024-12-05 18:18:19,469 - Epoch 27/500, Train Loss: 15.3374, Val Loss: 15.1976
2024-12-05 18:18:19,472 - Model saved with loss: 15.1976
2024-12-05 18:18:21,452 - Epoch 28/500, Train Loss: 15.2618, Val Loss: 15.0851
2024-12-05 18:18:21,455 - Model saved with loss: 15.0851
2024-12-05 18:18:23,458 - Epoch 29/500, Train Loss: 15.2395, Val Loss: 16.6282
2024-12-05 18:18:25,436 - Epoch 30/500, Train Loss: 15.7197, Val Loss: 15.0260
2024-12-05 18:18:25,439 - Model saved with loss: 15.0260
2024-12-05 18:18:27,419 - Epoch 31/500, Train Loss: 15.1464, Val Loss: 14.8065
2024-12-05 18:18:27,422 - Model saved with loss: 14.8065
2024-12-05 18:18:29,395 - Epoch 32/500, Train Loss: 14.9074, Val Loss: 14.4704
2024-12-05 18:18:29,398 - Model saved with loss: 14.4704
2024-12-05 18:18:31,370 - Epoch 33/500, Train Loss: 14.6667, Val Loss: 14.7510
2024-12-05 18:18:33,353 - Epoch 34/500, Train Loss: 14.7329, Val Loss: 14.8991
2024-12-05 18:18:35,327 - Epoch 35/500, Train Loss: 15.2591, Val Loss: 14.4374
2024-12-05 18:18:35,330 - Model saved with loss: 14.4374
2024-12-05 18:18:37,312 - Epoch 36/500, Train Loss: 14.5132, Val Loss: 14.2831
2024-12-05 18:18:37,315 - Model saved with loss: 14.2831
2024-12-05 18:18:39,286 - Epoch 37/500, Train Loss: 14.5231, Val Loss: 14.1695
2024-12-05 18:18:39,289 - Model saved with loss: 14.1695
2024-12-05 18:18:41,269 - Epoch 38/500, Train Loss: 14.3977, Val Loss: 13.9676
2024-12-05 18:18:41,272 - Model saved with loss: 13.9676
2024-12-05 18:18:43,239 - Epoch 39/500, Train Loss: 14.4235, Val Loss: 13.7350
2024-12-05 18:18:43,241 - Model saved with loss: 13.7350
2024-12-05 18:18:45,215 - Epoch 40/500, Train Loss: 14.3416, Val Loss: 14.0237
2024-12-05 18:18:47,195 - Epoch 41/500, Train Loss: 14.1323, Val Loss: 13.6729
2024-12-05 18:18:47,199 - Model saved with loss: 13.6729
2024-12-05 18:18:49,167 - Epoch 42/500, Train Loss: 14.3208, Val Loss: 13.6051
2024-12-05 18:18:49,170 - Model saved with loss: 13.6051
2024-12-05 18:18:51,163 - Epoch 43/500, Train Loss: 13.9447, Val Loss: 13.4273
2024-12-05 18:18:51,166 - Model saved with loss: 13.4273
2024-12-05 18:18:53,162 - Epoch 44/500, Train Loss: 14.1559, Val Loss: 14.4331
2024-12-05 18:18:55,184 - Epoch 45/500, Train Loss: 14.0542, Val Loss: 13.5295
2024-12-05 18:18:57,187 - Epoch 46/500, Train Loss: 13.8706, Val Loss: 13.4328
2024-12-05 18:18:59,182 - Epoch 47/500, Train Loss: 14.1955, Val Loss: 13.4383
2024-12-05 18:19:01,168 - Epoch 48/500, Train Loss: 13.5045, Val Loss: 13.1308
2024-12-05 18:19:01,171 - Model saved with loss: 13.1308
2024-12-05 18:19:03,162 - Epoch 49/500, Train Loss: 13.5905, Val Loss: 13.3523
2024-12-05 18:19:05,164 - Epoch 50/500, Train Loss: 13.6596, Val Loss: 13.6149
2024-12-05 18:19:07,153 - Epoch 51/500, Train Loss: 13.6477, Val Loss: 13.5768
2024-12-05 18:19:09,165 - Epoch 52/500, Train Loss: 13.4184, Val Loss: 13.0791
2024-12-05 18:19:09,168 - Model saved with loss: 13.0791
2024-12-05 18:19:11,157 - Epoch 53/500, Train Loss: 13.5617, Val Loss: 13.7551
2024-12-05 18:19:13,163 - Epoch 54/500, Train Loss: 13.6425, Val Loss: 13.2176
2024-12-05 18:19:15,159 - Epoch 55/500, Train Loss: 13.1997, Val Loss: 12.7936
2024-12-05 18:19:15,162 - Model saved with loss: 12.7936
2024-12-05 18:19:17,184 - Epoch 56/500, Train Loss: 13.1382, Val Loss: 13.7414
2024-12-05 18:19:19,191 - Epoch 57/500, Train Loss: 13.2240, Val Loss: 13.2692
2024-12-05 18:19:21,200 - Epoch 58/500, Train Loss: 13.2843, Val Loss: 15.7223
2024-12-05 18:19:23,205 - Epoch 59/500, Train Loss: 13.3185, Val Loss: 13.0381
2024-12-05 18:19:25,211 - Epoch 60/500, Train Loss: 13.2078, Val Loss: 13.0193
2024-12-05 18:19:27,218 - Epoch 61/500, Train Loss: 13.0853, Val Loss: 12.9524
2024-12-05 18:19:29,225 - Epoch 62/500, Train Loss: 12.8569, Val Loss: 12.9400
2024-12-05 18:19:31,231 - Epoch 63/500, Train Loss: 12.6688, Val Loss: 12.8004
2024-12-05 18:19:33,234 - Epoch 64/500, Train Loss: 12.9273, Val Loss: 12.5105
2024-12-05 18:19:33,237 - Model saved with loss: 12.5105
2024-12-05 18:19:35,236 - Epoch 65/500, Train Loss: 12.7252, Val Loss: 12.7147
2024-12-05 18:19:37,240 - Epoch 66/500, Train Loss: 12.8118, Val Loss: 13.1380
2024-12-05 18:19:39,243 - Epoch 67/500, Train Loss: 12.6485, Val Loss: 12.5327
2024-12-05 18:19:41,249 - Epoch 68/500, Train Loss: 12.5635, Val Loss: 12.4842
2024-12-05 18:19:41,252 - Model saved with loss: 12.4842
2024-12-05 18:19:43,271 - Epoch 69/500, Train Loss: 12.8381, Val Loss: 12.8727
2024-12-05 18:19:45,273 - Epoch 70/500, Train Loss: 12.3922, Val Loss: 12.6184
2024-12-05 18:19:47,273 - Epoch 71/500, Train Loss: 12.5708, Val Loss: 12.3073
2024-12-05 18:19:47,276 - Model saved with loss: 12.3073
2024-12-05 18:19:49,277 - Epoch 72/500, Train Loss: 12.5510, Val Loss: 12.7397
2024-12-05 18:19:51,277 - Epoch 73/500, Train Loss: 12.4286, Val Loss: 12.5123
2024-12-05 18:19:53,280 - Epoch 74/500, Train Loss: 12.2003, Val Loss: 12.1316
2024-12-05 18:19:53,283 - Model saved with loss: 12.1316
2024-12-05 18:19:55,301 - Epoch 75/500, Train Loss: 12.2963, Val Loss: 12.3516
2024-12-05 18:19:57,307 - Epoch 76/500, Train Loss: 12.0861, Val Loss: 12.3325
2024-12-05 18:19:59,315 - Epoch 77/500, Train Loss: 12.2512, Val Loss: 12.0567
2024-12-05 18:19:59,318 - Model saved with loss: 12.0567
2024-12-05 18:20:01,312 - Epoch 78/500, Train Loss: 12.2233, Val Loss: 13.0876
2024-12-05 18:20:03,286 - Epoch 79/500, Train Loss: 12.1119, Val Loss: 12.0503
2024-12-05 18:20:03,289 - Model saved with loss: 12.0503
2024-12-05 18:20:05,265 - Epoch 80/500, Train Loss: 12.0345, Val Loss: 12.0184
2024-12-05 18:20:05,268 - Model saved with loss: 12.0184
2024-12-05 18:20:07,234 - Epoch 81/500, Train Loss: 11.8422, Val Loss: 12.1381
2024-12-05 18:20:09,192 - Epoch 82/500, Train Loss: 11.8412, Val Loss: 11.9819
2024-12-05 18:20:09,195 - Model saved with loss: 11.9819
2024-12-05 18:20:11,161 - Epoch 83/500, Train Loss: 11.8240, Val Loss: 12.7325
2024-12-05 18:20:13,112 - Epoch 84/500, Train Loss: 12.1624, Val Loss: 11.7167
2024-12-05 18:20:13,115 - Model saved with loss: 11.7167
2024-12-05 18:20:15,077 - Epoch 85/500, Train Loss: 11.5463, Val Loss: 11.7056
2024-12-05 18:20:15,080 - Model saved with loss: 11.7056
2024-12-05 18:20:17,066 - Epoch 86/500, Train Loss: 11.5528, Val Loss: 11.7554
2024-12-05 18:20:19,028 - Epoch 87/500, Train Loss: 11.9992, Val Loss: 11.7501
2024-12-05 18:20:21,009 - Epoch 88/500, Train Loss: 11.5479, Val Loss: 11.8738
2024-12-05 18:20:22,977 - Epoch 89/500, Train Loss: 11.4361, Val Loss: 11.6805
2024-12-05 18:20:22,980 - Model saved with loss: 11.6805
2024-12-05 18:20:24,932 - Epoch 90/500, Train Loss: 11.4020, Val Loss: 11.7293
2024-12-05 18:20:26,909 - Epoch 91/500, Train Loss: 11.4746, Val Loss: 11.8897
2024-12-05 18:20:28,890 - Epoch 92/500, Train Loss: 11.3978, Val Loss: 11.7777
2024-12-05 18:20:30,878 - Epoch 93/500, Train Loss: 11.4502, Val Loss: 11.4217
2024-12-05 18:20:30,881 - Model saved with loss: 11.4217
2024-12-05 18:20:32,881 - Epoch 94/500, Train Loss: 11.2220, Val Loss: 11.7639
2024-12-05 18:20:34,899 - Epoch 95/500, Train Loss: 11.3212, Val Loss: 11.9409
2024-12-05 18:20:36,896 - Epoch 96/500, Train Loss: 11.1515, Val Loss: 11.3813
2024-12-05 18:20:36,899 - Model saved with loss: 11.3813
2024-12-05 18:20:38,892 - Epoch 97/500, Train Loss: 11.1568, Val Loss: 11.6322
2024-12-05 18:20:40,884 - Epoch 98/500, Train Loss: 11.1484, Val Loss: 11.6356
2024-12-05 18:20:42,874 - Epoch 99/500, Train Loss: 11.0323, Val Loss: 11.1956
2024-12-05 18:20:42,877 - Model saved with loss: 11.1956
2024-12-05 18:20:44,866 - Epoch 100/500, Train Loss: 10.9123, Val Loss: 11.6021
2024-12-05 18:20:46,854 - Epoch 101/500, Train Loss: 11.1205, Val Loss: 11.3412
2024-12-05 18:20:48,838 - Epoch 102/500, Train Loss: 10.8770, Val Loss: 11.2249
2024-12-05 18:20:50,809 - Epoch 103/500, Train Loss: 10.9039, Val Loss: 11.4089
2024-12-05 18:20:52,787 - Epoch 104/500, Train Loss: 10.6977, Val Loss: 11.2604
2024-12-05 18:20:54,767 - Epoch 105/500, Train Loss: 10.9013, Val Loss: 11.2686
2024-12-05 18:20:56,741 - Epoch 106/500, Train Loss: 10.7860, Val Loss: 11.0961
2024-12-05 18:20:56,744 - Model saved with loss: 11.0961
2024-12-05 18:20:58,740 - Epoch 107/500, Train Loss: 10.6983, Val Loss: 11.4579
2024-12-05 18:21:00,702 - Epoch 108/500, Train Loss: 10.7265, Val Loss: 10.9566
2024-12-05 18:21:00,705 - Model saved with loss: 10.9566
2024-12-05 18:21:02,675 - Epoch 109/500, Train Loss: 10.5096, Val Loss: 11.0358
2024-12-05 18:21:04,632 - Epoch 110/500, Train Loss: 10.6428, Val Loss: 10.9253
2024-12-05 18:21:04,635 - Model saved with loss: 10.9253
2024-12-05 18:21:06,592 - Epoch 111/500, Train Loss: 10.5677, Val Loss: 11.0612
2024-12-05 18:21:08,553 - Epoch 112/500, Train Loss: 10.5231, Val Loss: 11.5027
2024-12-05 18:21:10,510 - Epoch 113/500, Train Loss: 10.4909, Val Loss: 10.9507
2024-12-05 18:21:12,467 - Epoch 114/500, Train Loss: 10.9941, Val Loss: 10.8611
2024-12-05 18:21:12,469 - Model saved with loss: 10.8611
2024-12-05 18:21:14,422 - Epoch 115/500, Train Loss: 10.2370, Val Loss: 10.8370
2024-12-05 18:21:14,424 - Model saved with loss: 10.8370
2024-12-05 18:21:16,404 - Epoch 116/500, Train Loss: 10.4316, Val Loss: 10.9409
2024-12-05 18:21:18,384 - Epoch 117/500, Train Loss: 10.3328, Val Loss: 11.0985
2024-12-05 18:21:20,353 - Epoch 118/500, Train Loss: 10.3416, Val Loss: 10.8005
2024-12-05 18:21:20,355 - Model saved with loss: 10.8005
2024-12-05 18:21:22,335 - Epoch 119/500, Train Loss: 10.2045, Val Loss: 10.6698
2024-12-05 18:21:22,337 - Model saved with loss: 10.6698
2024-12-05 18:21:24,314 - Epoch 120/500, Train Loss: 10.3259, Val Loss: 10.8381
2024-12-05 18:21:26,293 - Epoch 121/500, Train Loss: 10.0432, Val Loss: 10.5206
2024-12-05 18:21:26,296 - Model saved with loss: 10.5206
2024-12-05 18:21:28,272 - Epoch 122/500, Train Loss: 10.2521, Val Loss: 10.5874
2024-12-05 18:21:30,249 - Epoch 123/500, Train Loss: 9.9155, Val Loss: 10.8063
2024-12-05 18:21:32,226 - Epoch 124/500, Train Loss: 10.1711, Val Loss: 10.7830
2024-12-05 18:21:34,198 - Epoch 125/500, Train Loss: 10.0555, Val Loss: 10.7348
2024-12-05 18:21:36,162 - Epoch 126/500, Train Loss: 9.9206, Val Loss: 10.8418
2024-12-05 18:21:38,141 - Epoch 127/500, Train Loss: 10.1573, Val Loss: 10.6687
2024-12-05 18:21:40,108 - Epoch 128/500, Train Loss: 10.1714, Val Loss: 10.3471
2024-12-05 18:21:40,110 - Model saved with loss: 10.3471
2024-12-05 18:21:42,079 - Epoch 129/500, Train Loss: 9.8807, Val Loss: 10.4819
2024-12-05 18:21:44,047 - Epoch 130/500, Train Loss: 9.7872, Val Loss: 10.2583
2024-12-05 18:21:44,050 - Model saved with loss: 10.2583
2024-12-05 18:21:46,027 - Epoch 131/500, Train Loss: 9.7015, Val Loss: 10.5699
2024-12-05 18:21:48,003 - Epoch 132/500, Train Loss: 9.8312, Val Loss: 10.3903
2024-12-05 18:21:49,982 - Epoch 133/500, Train Loss: 9.8090, Val Loss: 10.4602
2024-12-05 18:21:51,963 - Epoch 134/500, Train Loss: 9.8196, Val Loss: 10.5251
2024-12-05 18:21:53,939 - Epoch 135/500, Train Loss: 9.7669, Val Loss: 10.2701
2024-12-05 18:21:55,935 - Epoch 136/500, Train Loss: 9.8544, Val Loss: 10.4923
2024-12-05 18:21:57,919 - Epoch 137/500, Train Loss: 9.7078, Val Loss: 10.6412
2024-12-05 18:21:59,892 - Epoch 138/500, Train Loss: 9.7271, Val Loss: 10.2300
2024-12-05 18:21:59,894 - Model saved with loss: 10.2300
2024-12-05 18:22:01,873 - Epoch 139/500, Train Loss: 9.4969, Val Loss: 10.2891
2024-12-05 18:22:03,831 - Epoch 140/500, Train Loss: 9.6641, Val Loss: 10.0198
2024-12-05 18:22:03,833 - Model saved with loss: 10.0198
2024-12-05 18:22:05,739 - Epoch 141/500, Train Loss: 9.4605, Val Loss: 10.6946
2024-12-05 18:22:07,640 - Epoch 142/500, Train Loss: 9.3897, Val Loss: 10.1011
2024-12-05 18:22:09,544 - Epoch 143/500, Train Loss: 9.5689, Val Loss: 10.5000
2024-12-05 18:22:11,509 - Epoch 144/500, Train Loss: 9.4438, Val Loss: 10.0867
2024-12-05 18:22:13,427 - Epoch 145/500, Train Loss: 9.4785, Val Loss: 10.1106
2024-12-05 18:22:15,408 - Epoch 146/500, Train Loss: 9.4041, Val Loss: 10.0573
2024-12-05 18:22:17,407 - Epoch 147/500, Train Loss: 9.2963, Val Loss: 10.0220
2024-12-05 18:22:19,404 - Epoch 148/500, Train Loss: 9.2556, Val Loss: 10.4323
2024-12-05 18:22:21,403 - Epoch 149/500, Train Loss: 9.4657, Val Loss: 10.1520
2024-12-05 18:22:23,398 - Epoch 150/500, Train Loss: 9.3185, Val Loss: 9.9192
2024-12-05 18:22:23,401 - Model saved with loss: 9.9192
2024-12-05 18:22:25,395 - Epoch 151/500, Train Loss: 9.1788, Val Loss: 9.7494
2024-12-05 18:22:25,397 - Model saved with loss: 9.7494
2024-12-05 18:22:27,389 - Epoch 152/500, Train Loss: 9.4326, Val Loss: 10.2227
2024-12-05 18:22:29,390 - Epoch 153/500, Train Loss: 9.1034, Val Loss: 10.1760
2024-12-05 18:22:31,391 - Epoch 154/500, Train Loss: 9.2302, Val Loss: 9.8618
2024-12-05 18:22:33,376 - Epoch 155/500, Train Loss: 9.0932, Val Loss: 10.2707
2024-12-05 18:22:35,377 - Epoch 156/500, Train Loss: 9.0399, Val Loss: 9.8669
2024-12-05 18:22:37,365 - Epoch 157/500, Train Loss: 9.0833, Val Loss: 10.2092
2024-12-05 18:22:39,354 - Epoch 158/500, Train Loss: 9.2679, Val Loss: 9.8345
2024-12-05 18:22:41,344 - Epoch 159/500, Train Loss: 9.1270, Val Loss: 9.9076
2024-12-05 18:22:43,312 - Epoch 160/500, Train Loss: 9.0878, Val Loss: 9.7351
2024-12-05 18:22:43,315 - Model saved with loss: 9.7351
2024-12-05 18:22:45,302 - Epoch 161/500, Train Loss: 9.0290, Val Loss: 10.7062
2024-12-05 18:22:47,293 - Epoch 162/500, Train Loss: 9.7478, Val Loss: 9.9081
2024-12-05 18:22:49,265 - Epoch 163/500, Train Loss: 8.9106, Val Loss: 9.7850
2024-12-05 18:22:51,170 - Epoch 164/500, Train Loss: 8.8107, Val Loss: 9.7024
2024-12-05 18:22:51,173 - Model saved with loss: 9.7024
2024-12-05 18:22:53,079 - Epoch 165/500, Train Loss: 8.8626, Val Loss: 9.7963
2024-12-05 18:22:54,982 - Epoch 166/500, Train Loss: 8.9021, Val Loss: 10.1011
2024-12-05 18:22:56,884 - Epoch 167/500, Train Loss: 8.9190, Val Loss: 9.8124
2024-12-05 18:22:58,791 - Epoch 168/500, Train Loss: 8.9014, Val Loss: 9.7448
2024-12-05 18:23:00,700 - Epoch 169/500, Train Loss: 9.0153, Val Loss: 9.6694
2024-12-05 18:23:00,702 - Model saved with loss: 9.6694
2024-12-05 18:23:02,613 - Epoch 170/500, Train Loss: 8.7557, Val Loss: 9.6120
2024-12-05 18:23:02,616 - Model saved with loss: 9.6120
2024-12-05 18:23:04,548 - Epoch 171/500, Train Loss: 8.7533, Val Loss: 9.7313
2024-12-05 18:23:06,564 - Epoch 172/500, Train Loss: 8.8193, Val Loss: 9.7483
2024-12-05 18:23:08,557 - Epoch 173/500, Train Loss: 8.6347, Val Loss: 9.4894
2024-12-05 18:23:08,560 - Model saved with loss: 9.4894
2024-12-05 18:23:10,545 - Epoch 174/500, Train Loss: 8.8476, Val Loss: 9.9308
2024-12-05 18:23:12,466 - Epoch 175/500, Train Loss: 8.7431, Val Loss: 9.6713
2024-12-05 18:23:14,469 - Epoch 176/500, Train Loss: 8.6299, Val Loss: 9.7479
2024-12-05 18:23:16,462 - Epoch 177/500, Train Loss: 8.6906, Val Loss: 9.6349
2024-12-05 18:23:18,445 - Epoch 178/500, Train Loss: 8.7272, Val Loss: 9.8104
2024-12-05 18:23:20,400 - Epoch 179/500, Train Loss: 8.6143, Val Loss: 9.7004
2024-12-05 18:23:22,364 - Epoch 180/500, Train Loss: 8.8740, Val Loss: 9.8986
2024-12-05 18:23:24,340 - Epoch 181/500, Train Loss: 8.6224, Val Loss: 9.3533
2024-12-05 18:23:24,342 - Model saved with loss: 9.3533
2024-12-05 18:23:26,307 - Epoch 182/500, Train Loss: 8.5815, Val Loss: 9.5957
2024-12-05 18:23:28,258 - Epoch 183/500, Train Loss: 8.6166, Val Loss: 9.4212
2024-12-05 18:23:30,209 - Epoch 184/500, Train Loss: 8.4890, Val Loss: 9.5965
2024-12-05 18:23:32,167 - Epoch 185/500, Train Loss: 8.4693, Val Loss: 9.3523
2024-12-05 18:23:32,170 - Model saved with loss: 9.3523
2024-12-05 18:23:34,124 - Epoch 186/500, Train Loss: 8.5977, Val Loss: 9.5034
2024-12-05 18:23:36,086 - Epoch 187/500, Train Loss: 8.5109, Val Loss: 9.3847
2024-12-05 18:23:38,055 - Epoch 188/500, Train Loss: 8.3820, Val Loss: 9.4869
2024-12-05 18:23:40,026 - Epoch 189/500, Train Loss: 8.3611, Val Loss: 9.7572
2024-12-05 18:23:41,996 - Epoch 190/500, Train Loss: 8.3724, Val Loss: 9.8422
2024-12-05 18:23:43,988 - Epoch 191/500, Train Loss: 8.3919, Val Loss: 9.4699
2024-12-05 18:23:45,983 - Epoch 192/500, Train Loss: 8.4611, Val Loss: 9.4396
2024-12-05 18:23:47,960 - Epoch 193/500, Train Loss: 8.3112, Val Loss: 9.3553
2024-12-05 18:23:49,954 - Epoch 194/500, Train Loss: 8.3716, Val Loss: 9.4252
2024-12-05 18:23:51,943 - Epoch 195/500, Train Loss: 8.3209, Val Loss: 9.2444
2024-12-05 18:23:51,946 - Model saved with loss: 9.2444
2024-12-05 18:23:53,916 - Epoch 196/500, Train Loss: 8.3733, Val Loss: 9.4333
2024-12-05 18:23:55,887 - Epoch 197/500, Train Loss: 8.4649, Val Loss: 9.2093
2024-12-05 18:23:55,890 - Model saved with loss: 9.2093
2024-12-05 18:23:57,860 - Epoch 198/500, Train Loss: 8.2380, Val Loss: 9.4205
2024-12-05 18:23:59,831 - Epoch 199/500, Train Loss: 8.2752, Val Loss: 9.3787
2024-12-05 18:24:01,806 - Epoch 200/500, Train Loss: 8.2268, Val Loss: 9.2509
2024-12-05 18:24:03,771 - Epoch 201/500, Train Loss: 8.2292, Val Loss: 10.1667
2024-12-05 18:24:05,736 - Epoch 202/500, Train Loss: 8.4450, Val Loss: 9.2958
2024-12-05 18:24:07,714 - Epoch 203/500, Train Loss: 8.1524, Val Loss: 9.4469
2024-12-05 18:24:09,698 - Epoch 204/500, Train Loss: 8.2339, Val Loss: 9.3046
2024-12-05 18:24:11,659 - Epoch 205/500, Train Loss: 8.1046, Val Loss: 9.1458
2024-12-05 18:24:11,662 - Model saved with loss: 9.1458
2024-12-05 18:24:13,625 - Epoch 206/500, Train Loss: 8.1880, Val Loss: 9.3147
2024-12-05 18:24:15,584 - Epoch 207/500, Train Loss: 8.1834, Val Loss: 11.1074
2024-12-05 18:24:17,559 - Epoch 208/500, Train Loss: 8.1835, Val Loss: 9.2230
2024-12-05 18:24:19,505 - Epoch 209/500, Train Loss: 8.1003, Val Loss: 9.4042
2024-12-05 18:24:21,462 - Epoch 210/500, Train Loss: 8.0819, Val Loss: 9.1106
2024-12-05 18:24:21,465 - Model saved with loss: 9.1106
2024-12-05 18:24:23,425 - Epoch 211/500, Train Loss: 8.1357, Val Loss: 9.2562
2024-12-05 18:24:25,399 - Epoch 212/500, Train Loss: 7.9594, Val Loss: 9.1720
2024-12-05 18:24:27,360 - Epoch 213/500, Train Loss: 7.9982, Val Loss: 9.0734
2024-12-05 18:24:27,363 - Model saved with loss: 9.0734
2024-12-05 18:24:29,340 - Epoch 214/500, Train Loss: 8.0758, Val Loss: 9.1168
2024-12-05 18:24:31,315 - Epoch 215/500, Train Loss: 8.1169, Val Loss: 10.1164
2024-12-05 18:24:33,289 - Epoch 216/500, Train Loss: 8.0255, Val Loss: 9.1416
2024-12-05 18:24:35,256 - Epoch 217/500, Train Loss: 7.9281, Val Loss: 9.4274
2024-12-05 18:24:37,228 - Epoch 218/500, Train Loss: 8.0534, Val Loss: 9.1478
2024-12-05 18:24:39,199 - Epoch 219/500, Train Loss: 8.0235, Val Loss: 9.2482
2024-12-05 18:24:41,171 - Epoch 220/500, Train Loss: 7.8759, Val Loss: 8.9849
2024-12-05 18:24:41,174 - Model saved with loss: 8.9849
2024-12-05 18:24:43,143 - Epoch 221/500, Train Loss: 7.8743, Val Loss: 9.2749
2024-12-05 18:24:45,113 - Epoch 222/500, Train Loss: 7.9351, Val Loss: 9.0394
2024-12-05 18:24:47,084 - Epoch 223/500, Train Loss: 7.9112, Val Loss: 9.0454
2024-12-05 18:24:49,052 - Epoch 224/500, Train Loss: 9.0297, Val Loss: 9.1609
2024-12-05 18:24:51,025 - Epoch 225/500, Train Loss: 7.7928, Val Loss: 9.1215
2024-12-05 18:24:52,991 - Epoch 226/500, Train Loss: 7.7018, Val Loss: 8.9762
2024-12-05 18:24:52,994 - Model saved with loss: 8.9762
2024-12-05 18:24:54,978 - Epoch 227/500, Train Loss: 7.7062, Val Loss: 9.1615
2024-12-05 18:24:56,951 - Epoch 228/500, Train Loss: 7.6825, Val Loss: 9.1749
2024-12-05 18:24:58,918 - Epoch 229/500, Train Loss: 7.8144, Val Loss: 9.1233
2024-12-05 18:25:00,894 - Epoch 230/500, Train Loss: 7.7242, Val Loss: 9.0152
2024-12-05 18:25:02,854 - Epoch 231/500, Train Loss: 8.0452, Val Loss: 10.4960
2024-12-05 18:25:04,802 - Epoch 232/500, Train Loss: 7.8672, Val Loss: 9.0159
2024-12-05 18:25:06,761 - Epoch 233/500, Train Loss: 7.7000, Val Loss: 9.3565
2024-12-05 18:25:08,719 - Epoch 234/500, Train Loss: 7.7317, Val Loss: 9.0383
2024-12-05 18:25:10,675 - Epoch 235/500, Train Loss: 7.7745, Val Loss: 9.1927
2024-12-05 18:25:12,667 - Epoch 236/500, Train Loss: 7.8366, Val Loss: 9.1642
2024-12-05 18:25:12,667 - Early stopping triggered after 10 epochs without improvement