2024-12-05 18:26:06,625 - Training model with Seoul
2024-12-05 18:26:06,625 - Config: {'learning_rate': 0.0001, 'epochs': 500, 'batch_size': 32, 'num_layers': 2, 'hidden_size': 128, 'window_size': 24, 'output_size': 1, 'dropout': 0.2, 'patience': 10}
2024-12-05 18:26:06,626 - Model: FinedustLSTM(
  (lstm): LSTMEmbedding(
    (lstm): LSTM(12, 128, num_layers=2, batch_first=True, dropout=0.2)
    (fc1): Linear(in_features=128, out_features=384, bias=True)
    (fc2): Linear(in_features=384, out_features=128, bias=True)
    (act): GELU(approximate='none')
    (dropout): Dropout(p=0.2, inplace=False)
  )
  (fc1): Linear(in_features=128, out_features=128, bias=True)
  (fc2): Linear(in_features=128, out_features=1, bias=True)
  (act): GELU(approximate='none')
  (dropout): Dropout(p=0.2, inplace=False)
)

2024-12-05 18:26:06,626 - Train dataset: 32100
2024-12-05 18:26:06,626 - Valid dataset: 8026

2024-12-05 18:26:08,570 - Epoch 1/500, Train Loss: 36.5946, Val Loss: 32.0085
2024-12-05 18:26:08,572 - Model saved with loss: 32.0085
2024-12-05 18:26:10,515 - Epoch 2/500, Train Loss: 32.9137, Val Loss: 29.1158
2024-12-05 18:26:10,517 - Model saved with loss: 29.1158
2024-12-05 18:26:12,492 - Epoch 3/500, Train Loss: 31.6384, Val Loss: 27.7447
2024-12-05 18:26:12,495 - Model saved with loss: 27.7447
2024-12-05 18:26:14,520 - Epoch 4/500, Train Loss: 31.0777, Val Loss: 27.7216
2024-12-05 18:26:14,522 - Model saved with loss: 27.7216
2024-12-05 18:26:16,546 - Epoch 5/500, Train Loss: 30.3954, Val Loss: 27.0414
2024-12-05 18:26:16,549 - Model saved with loss: 27.0414
2024-12-05 18:26:18,542 - Epoch 6/500, Train Loss: 30.1197, Val Loss: 28.4939
2024-12-05 18:26:20,529 - Epoch 7/500, Train Loss: 30.0743, Val Loss: 26.3102
2024-12-05 18:26:20,532 - Model saved with loss: 26.3102
2024-12-05 18:26:22,520 - Epoch 8/500, Train Loss: 29.8213, Val Loss: 26.3524
2024-12-05 18:26:24,526 - Epoch 9/500, Train Loss: 29.8130, Val Loss: 26.3680
2024-12-05 18:26:26,538 - Epoch 10/500, Train Loss: 29.6252, Val Loss: 26.3761
2024-12-05 18:26:28,556 - Epoch 11/500, Train Loss: 29.4994, Val Loss: 27.7341
2024-12-05 18:26:30,570 - Epoch 12/500, Train Loss: 29.5397, Val Loss: 26.2930
2024-12-05 18:26:30,573 - Model saved with loss: 26.2930
2024-12-05 18:26:32,617 - Epoch 13/500, Train Loss: 29.3359, Val Loss: 25.7928
2024-12-05 18:26:32,622 - Model saved with loss: 25.7928
2024-12-05 18:26:34,691 - Epoch 14/500, Train Loss: 29.0813, Val Loss: 25.8025
2024-12-05 18:26:36,721 - Epoch 15/500, Train Loss: 28.9678, Val Loss: 26.5276
2024-12-05 18:26:38,775 - Epoch 16/500, Train Loss: 28.8906, Val Loss: 26.6924
2024-12-05 18:26:40,827 - Epoch 17/500, Train Loss: 28.8776, Val Loss: 27.0298
2024-12-05 18:26:42,847 - Epoch 18/500, Train Loss: 28.6938, Val Loss: 25.8054
2024-12-05 18:26:44,881 - Epoch 19/500, Train Loss: 28.3485, Val Loss: 25.0124
2024-12-05 18:26:44,884 - Model saved with loss: 25.0124
2024-12-05 18:26:46,941 - Epoch 20/500, Train Loss: 28.1691, Val Loss: 25.2579
2024-12-05 18:26:48,976 - Epoch 21/500, Train Loss: 28.1215, Val Loss: 25.4433
2024-12-05 18:26:50,990 - Epoch 22/500, Train Loss: 27.8708, Val Loss: 24.9934
2024-12-05 18:26:50,993 - Model saved with loss: 24.9934
2024-12-05 18:26:53,002 - Epoch 23/500, Train Loss: 27.4961, Val Loss: 25.4176
2024-12-05 18:26:55,025 - Epoch 24/500, Train Loss: 27.4542, Val Loss: 24.7310
2024-12-05 18:26:55,028 - Model saved with loss: 24.7310
2024-12-05 18:26:57,022 - Epoch 25/500, Train Loss: 27.2745, Val Loss: 24.6919
2024-12-05 18:26:57,025 - Model saved with loss: 24.6919
2024-12-05 18:26:59,058 - Epoch 26/500, Train Loss: 27.3991, Val Loss: 24.5826
2024-12-05 18:26:59,061 - Model saved with loss: 24.5826
2024-12-05 18:27:01,107 - Epoch 27/500, Train Loss: 27.2863, Val Loss: 24.4091
2024-12-05 18:27:01,110 - Model saved with loss: 24.4091
2024-12-05 18:27:03,266 - Epoch 28/500, Train Loss: 27.0813, Val Loss: 24.4227
2024-12-05 18:27:05,295 - Epoch 29/500, Train Loss: 26.9396, Val Loss: 25.3681
2024-12-05 18:27:07,314 - Epoch 30/500, Train Loss: 26.9157, Val Loss: 24.7885
2024-12-05 18:27:09,366 - Epoch 31/500, Train Loss: 26.7774, Val Loss: 24.4495
2024-12-05 18:27:11,398 - Epoch 32/500, Train Loss: 26.8126, Val Loss: 25.4694
2024-12-05 18:27:13,437 - Epoch 33/500, Train Loss: 26.7300, Val Loss: 24.3621
2024-12-05 18:27:13,440 - Model saved with loss: 24.3621
2024-12-05 18:27:15,487 - Epoch 34/500, Train Loss: 26.3271, Val Loss: 24.2393
2024-12-05 18:27:15,490 - Model saved with loss: 24.2393
2024-12-05 18:27:17,501 - Epoch 35/500, Train Loss: 26.3565, Val Loss: 24.2719
2024-12-05 18:27:19,508 - Epoch 36/500, Train Loss: 26.3219, Val Loss: 24.0141
2024-12-05 18:27:19,511 - Model saved with loss: 24.0141
2024-12-05 18:27:21,522 - Epoch 37/500, Train Loss: 26.1710, Val Loss: 23.6834
2024-12-05 18:27:21,525 - Model saved with loss: 23.6834
2024-12-05 18:27:23,538 - Epoch 38/500, Train Loss: 26.1100, Val Loss: 23.4953
2024-12-05 18:27:23,541 - Model saved with loss: 23.4953
2024-12-05 18:27:25,543 - Epoch 39/500, Train Loss: 25.8599, Val Loss: 23.6235
2024-12-05 18:27:27,556 - Epoch 40/500, Train Loss: 26.0697, Val Loss: 23.8456
2024-12-05 18:27:29,603 - Epoch 41/500, Train Loss: 25.9831, Val Loss: 23.5575
2024-12-05 18:27:31,643 - Epoch 42/500, Train Loss: 25.8912, Val Loss: 23.4227
2024-12-05 18:27:31,646 - Model saved with loss: 23.4227
2024-12-05 18:27:33,691 - Epoch 43/500, Train Loss: 25.6350, Val Loss: 23.4834
2024-12-05 18:27:35,742 - Epoch 44/500, Train Loss: 25.5201, Val Loss: 23.2983
2024-12-05 18:27:35,745 - Model saved with loss: 23.2983
2024-12-05 18:27:37,785 - Epoch 45/500, Train Loss: 25.5057, Val Loss: 23.0945
2024-12-05 18:27:37,787 - Model saved with loss: 23.0945
2024-12-05 18:27:39,833 - Epoch 46/500, Train Loss: 25.4328, Val Loss: 23.4220
2024-12-05 18:27:41,864 - Epoch 47/500, Train Loss: 25.5331, Val Loss: 23.5433
2024-12-05 18:27:43,914 - Epoch 48/500, Train Loss: 25.3819, Val Loss: 24.1781
2024-12-05 18:27:45,941 - Epoch 49/500, Train Loss: 25.2600, Val Loss: 23.1796
2024-12-05 18:27:47,978 - Epoch 50/500, Train Loss: 25.1805, Val Loss: 23.2586
2024-12-05 18:27:50,004 - Epoch 51/500, Train Loss: 25.1234, Val Loss: 22.5099
2024-12-05 18:27:50,007 - Model saved with loss: 22.5099
2024-12-05 18:27:52,041 - Epoch 52/500, Train Loss: 24.8357, Val Loss: 23.8903
2024-12-05 18:27:54,084 - Epoch 53/500, Train Loss: 24.9144, Val Loss: 23.1739
2024-12-05 18:27:56,109 - Epoch 54/500, Train Loss: 24.6404, Val Loss: 22.6822
2024-12-05 18:27:58,147 - Epoch 55/500, Train Loss: 24.5923, Val Loss: 23.2065
2024-12-05 18:28:00,178 - Epoch 56/500, Train Loss: 24.5776, Val Loss: 22.3507
2024-12-05 18:28:00,181 - Model saved with loss: 22.3507
2024-12-05 18:28:02,178 - Epoch 57/500, Train Loss: 24.5477, Val Loss: 22.9264
2024-12-05 18:28:04,190 - Epoch 58/500, Train Loss: 24.2563, Val Loss: 22.9270
2024-12-05 18:28:06,182 - Epoch 59/500, Train Loss: 24.5226, Val Loss: 21.9008
2024-12-05 18:28:06,185 - Model saved with loss: 21.9008
2024-12-05 18:28:08,175 - Epoch 60/500, Train Loss: 24.1475, Val Loss: 22.0098
2024-12-05 18:28:10,171 - Epoch 61/500, Train Loss: 23.9381, Val Loss: 22.6341
2024-12-05 18:28:12,179 - Epoch 62/500, Train Loss: 23.9108, Val Loss: 21.6016
2024-12-05 18:28:12,182 - Model saved with loss: 21.6016
2024-12-05 18:28:14,179 - Epoch 63/500, Train Loss: 23.8857, Val Loss: 21.5303
2024-12-05 18:28:14,181 - Model saved with loss: 21.5303
2024-12-05 18:28:16,168 - Epoch 64/500, Train Loss: 24.1466, Val Loss: 21.7442
2024-12-05 18:28:18,167 - Epoch 65/500, Train Loss: 23.4963, Val Loss: 21.4070
2024-12-05 18:28:18,169 - Model saved with loss: 21.4070
2024-12-05 18:28:20,161 - Epoch 66/500, Train Loss: 23.5872, Val Loss: 21.3780
2024-12-05 18:28:20,164 - Model saved with loss: 21.3780
2024-12-05 18:28:22,155 - Epoch 67/500, Train Loss: 23.5749, Val Loss: 23.7366
2024-12-05 18:28:24,150 - Epoch 68/500, Train Loss: 23.4838, Val Loss: 21.3612
2024-12-05 18:28:24,152 - Model saved with loss: 21.3612
2024-12-05 18:28:26,143 - Epoch 69/500, Train Loss: 23.3452, Val Loss: 21.6428
2024-12-05 18:28:28,131 - Epoch 70/500, Train Loss: 23.2786, Val Loss: 22.3671
2024-12-05 18:28:30,132 - Epoch 71/500, Train Loss: 23.2865, Val Loss: 21.0679
2024-12-05 18:28:30,135 - Model saved with loss: 21.0679
2024-12-05 18:28:32,138 - Epoch 72/500, Train Loss: 23.0362, Val Loss: 21.3686
2024-12-05 18:28:34,154 - Epoch 73/500, Train Loss: 23.0473, Val Loss: 21.2008
2024-12-05 18:28:36,146 - Epoch 74/500, Train Loss: 22.7619, Val Loss: 21.2719
2024-12-05 18:28:38,157 - Epoch 75/500, Train Loss: 22.6200, Val Loss: 21.2066
2024-12-05 18:28:40,170 - Epoch 76/500, Train Loss: 22.8058, Val Loss: 21.1045
2024-12-05 18:28:42,165 - Epoch 77/500, Train Loss: 22.8393, Val Loss: 21.1122
2024-12-05 18:28:44,197 - Epoch 78/500, Train Loss: 22.4255, Val Loss: 20.8587
2024-12-05 18:28:44,200 - Model saved with loss: 20.8587
2024-12-05 18:28:46,212 - Epoch 79/500, Train Loss: 22.8603, Val Loss: 21.2772
2024-12-05 18:28:48,242 - Epoch 80/500, Train Loss: 22.4262, Val Loss: 20.5287
2024-12-05 18:28:48,245 - Model saved with loss: 20.5287
2024-12-05 18:28:50,284 - Epoch 81/500, Train Loss: 22.3028, Val Loss: 22.4130
2024-12-05 18:28:52,320 - Epoch 82/500, Train Loss: 22.2856, Val Loss: 20.5240
2024-12-05 18:28:52,323 - Model saved with loss: 20.5240
2024-12-05 18:28:54,344 - Epoch 83/500, Train Loss: 22.2011, Val Loss: 20.9116
2024-12-05 18:28:56,377 - Epoch 84/500, Train Loss: 22.0406, Val Loss: 20.9474
2024-12-05 18:28:58,410 - Epoch 85/500, Train Loss: 22.0674, Val Loss: 20.4553
2024-12-05 18:28:58,413 - Model saved with loss: 20.4553
2024-12-05 18:29:00,429 - Epoch 86/500, Train Loss: 22.3692, Val Loss: 20.2403
2024-12-05 18:29:00,432 - Model saved with loss: 20.2403
2024-12-05 18:29:02,466 - Epoch 87/500, Train Loss: 21.7836, Val Loss: 21.2334
2024-12-05 18:29:04,477 - Epoch 88/500, Train Loss: 21.8002, Val Loss: 20.5297
2024-12-05 18:29:06,483 - Epoch 89/500, Train Loss: 22.2430, Val Loss: 22.2836
2024-12-05 18:29:08,494 - Epoch 90/500, Train Loss: 21.8889, Val Loss: 21.6329
2024-12-05 18:29:10,503 - Epoch 91/500, Train Loss: 21.4911, Val Loss: 21.3157
2024-12-05 18:29:12,513 - Epoch 92/500, Train Loss: 21.6113, Val Loss: 20.0916
2024-12-05 18:29:12,516 - Model saved with loss: 20.0916
2024-12-05 18:29:14,529 - Epoch 93/500, Train Loss: 21.5655, Val Loss: 20.1742
2024-12-05 18:29:16,542 - Epoch 94/500, Train Loss: 21.6937, Val Loss: 22.4466
2024-12-05 18:29:18,549 - Epoch 95/500, Train Loss: 21.6228, Val Loss: 20.0614
2024-12-05 18:29:18,552 - Model saved with loss: 20.0614
2024-12-05 18:29:20,581 - Epoch 96/500, Train Loss: 21.4494, Val Loss: 20.2703
2024-12-05 18:29:22,604 - Epoch 97/500, Train Loss: 22.1800, Val Loss: 20.2525
2024-12-05 18:29:24,611 - Epoch 98/500, Train Loss: 21.0245, Val Loss: 20.9235
2024-12-05 18:29:26,621 - Epoch 99/500, Train Loss: 21.3053, Val Loss: 23.3595
2024-12-05 18:29:28,614 - Epoch 100/500, Train Loss: 21.3747, Val Loss: 19.6967
2024-12-05 18:29:28,617 - Model saved with loss: 19.6967
2024-12-05 18:29:30,618 - Epoch 101/500, Train Loss: 21.3027, Val Loss: 20.2096
2024-12-05 18:29:32,626 - Epoch 102/500, Train Loss: 21.0009, Val Loss: 21.4393
2024-12-05 18:29:34,618 - Epoch 103/500, Train Loss: 21.4797, Val Loss: 20.0903
2024-12-05 18:29:36,603 - Epoch 104/500, Train Loss: 21.6067, Val Loss: 21.5889
2024-12-05 18:29:38,577 - Epoch 105/500, Train Loss: 20.9810, Val Loss: 21.1394
2024-12-05 18:29:40,559 - Epoch 106/500, Train Loss: 21.0226, Val Loss: 19.5750
2024-12-05 18:29:40,562 - Model saved with loss: 19.5750
2024-12-05 18:29:42,544 - Epoch 107/500, Train Loss: 20.7146, Val Loss: 20.9327
2024-12-05 18:29:44,539 - Epoch 108/500, Train Loss: 20.8562, Val Loss: 20.6173
2024-12-05 18:29:46,507 - Epoch 109/500, Train Loss: 21.2114, Val Loss: 21.1151
2024-12-05 18:29:48,497 - Epoch 110/500, Train Loss: 20.9724, Val Loss: 19.9600
2024-12-05 18:29:50,487 - Epoch 111/500, Train Loss: 20.7998, Val Loss: 19.8318
2024-12-05 18:29:52,455 - Epoch 112/500, Train Loss: 20.7957, Val Loss: 19.2389
2024-12-05 18:29:52,458 - Model saved with loss: 19.2389
2024-12-05 18:29:54,432 - Epoch 113/500, Train Loss: 20.8326, Val Loss: 22.6702
2024-12-05 18:29:56,401 - Epoch 114/500, Train Loss: 21.2049, Val Loss: 21.0066
2024-12-05 18:29:58,398 - Epoch 115/500, Train Loss: 20.5868, Val Loss: 23.7260
2024-12-05 18:30:00,388 - Epoch 116/500, Train Loss: 21.0110, Val Loss: 19.1004
2024-12-05 18:30:00,391 - Model saved with loss: 19.1004
2024-12-05 18:30:02,361 - Epoch 117/500, Train Loss: 20.9713, Val Loss: 19.6693
2024-12-05 18:30:04,340 - Epoch 118/500, Train Loss: 20.7423, Val Loss: 23.6999
2024-12-05 18:30:06,344 - Epoch 119/500, Train Loss: 21.1539, Val Loss: 19.8977
2024-12-05 18:30:08,345 - Epoch 120/500, Train Loss: 20.5167, Val Loss: 22.2521
2024-12-05 18:30:10,347 - Epoch 121/500, Train Loss: 20.6756, Val Loss: 19.0910
2024-12-05 18:30:10,350 - Model saved with loss: 19.0910
2024-12-05 18:30:12,372 - Epoch 122/500, Train Loss: 20.5429, Val Loss: 19.7213
2024-12-05 18:30:14,372 - Epoch 123/500, Train Loss: 21.1382, Val Loss: 19.7785
2024-12-05 18:30:16,397 - Epoch 124/500, Train Loss: 20.5651, Val Loss: 19.9350
2024-12-05 18:30:18,393 - Epoch 125/500, Train Loss: 20.7887, Val Loss: 19.2446
2024-12-05 18:30:20,390 - Epoch 126/500, Train Loss: 21.0004, Val Loss: 19.1006
2024-12-05 18:30:22,383 - Epoch 127/500, Train Loss: 20.9871, Val Loss: 20.0761
2024-12-05 18:30:24,380 - Epoch 128/500, Train Loss: 20.6412, Val Loss: 19.7121
2024-12-05 18:30:26,376 - Epoch 129/500, Train Loss: 20.3710, Val Loss: 18.8039
2024-12-05 18:30:26,379 - Model saved with loss: 18.8039
2024-12-05 18:30:28,372 - Epoch 130/500, Train Loss: 21.1021, Val Loss: 19.6270
2024-12-05 18:30:30,373 - Epoch 131/500, Train Loss: 20.4453, Val Loss: 18.8393
2024-12-05 18:30:32,380 - Epoch 132/500, Train Loss: 20.5896, Val Loss: 18.9212
2024-12-05 18:30:34,384 - Epoch 133/500, Train Loss: 21.4150, Val Loss: 22.2710
2024-12-05 18:30:36,387 - Epoch 134/500, Train Loss: 20.8800, Val Loss: 19.9994
2024-12-05 18:30:38,381 - Epoch 135/500, Train Loss: 20.3623, Val Loss: 19.8259
2024-12-05 18:30:40,365 - Epoch 136/500, Train Loss: 20.2887, Val Loss: 24.5264
2024-12-05 18:30:42,359 - Epoch 137/500, Train Loss: 20.9734, Val Loss: 18.8928
2024-12-05 18:30:44,346 - Epoch 138/500, Train Loss: 19.9441, Val Loss: 23.0530
2024-12-05 18:30:46,330 - Epoch 139/500, Train Loss: 20.6544, Val Loss: 19.8164
2024-12-05 18:30:46,330 - Early stopping triggered after 10 epochs without improvement
2024-12-05 18:30:46,332 - Training completed with best loss: 18.8039
